Flutter crash report; please file at https://github.com/flutter/flutter/issues.

## command

flutter packages upgrade

## exception

ProcessException: ProcessException: No such file or directory
  Command: /usr/bin/xcodebuild -project /Users/yann/Developpement/Fidelisa/flutter_plugins/packages/firebase_ui_dart/ios/Runner.xcodeproj -target Runner -showBuildSettings

```
#0      _ProcessImpl._runAndWait (dart:io-patch/process_patch.dart:485)
#1      _runNonInteractiveProcessSync (dart:io-patch/process_patch.dart:631)
#2      Process.runSync (dart:io-patch/process_patch.dart:66)
#3      LocalProcessManager.runSync (package:process/src/interface/local_process_manager.dart:83)
#4      _runWithLoggingSync (package:flutter_tools/src/base/process.dart:314)
#5      runCheckedSync (package:flutter_tools/src/base/process.dart:273)
#6      XcodeProjectInterpreter.getBuildSettings (package:flutter_tools/src/ios/xcodeproj.dart:99)
#7      CocoaPods.setupPodfile (package:flutter_tools/src/ios/cocoapods.dart:114)
#8      injectPlugins (package:flutter_tools/src/plugins.dart:246)
#9      FlutterProject.ensureReadyForPlatformSpecificTooling (package:flutter_tools/src/project.dart:62)
#10     PackagesGetCommand.runCommand (package:flutter_tools/src/commands/packages.dart:80)
<asynchronous suspension>
#11     FlutterCommand.verifyThenRunCommand (package:flutter_tools/src/runner/flutter_command.dart:290)
<asynchronous suspension>
#12     FlutterCommand.run (package:flutter_tools/src/runner/flutter_command.dart:228)
<asynchronous suspension>
#13     CommandRunner.runCommand (package:args/command_runner.dart:194)
<asynchronous suspension>
#14     FlutterCommandRunner.runCommand (package:flutter_tools/src/runner/flutter_command_runner.dart:286)
<asynchronous suspension>
#15     CommandRunner.run.<anonymous closure> (package:args/command_runner.dart:109)
#16     new Future.sync (dart:async/future.dart:222)
#17     CommandRunner.run (package:args/command_runner.dart:109)
#18     FlutterCommandRunner.run (package:flutter_tools/src/runner/flutter_command_runner.dart:166)
#19     run.<anonymous closure> (package:flutter_tools/runner.dart:90)
<asynchronous suspension>
#20     AppContext._run (package:flutter_tools/src/base/context.dart:76)
<asynchronous suspension>
#21     AppContext.runInZone.<anonymous closure> (package:flutter_tools/src/base/context.dart:66)
#22     _rootRun (dart:async/zone.dart:1126)
#23     _CustomZone.run (dart:async/zone.dart:1023)
#24     runZoned (dart:async/zone.dart:1501)
#25     AppContext.runInZone (package:flutter_tools/src/base/context.dart:65)
#26     run (package:flutter_tools/runner.dart:61)
<asynchronous suspension>
#27     main (package:flutter_tools/executable.dart:48)
<asynchronous suspension>
#28     main (file:///Users/yann/Developpement/SDKs/flutter/packages/flutter_tools/bin/flutter_tools.dart:16)
#29     _startIsolate.<anonymous closure> (dart:isolate-patch/dart:isolate/isolate_patch.dart:277)
#30     _RawReceivePortImpl._handleMessage (dart:isolate-patch/dart:isolate/isolate_patch.dart:165)
```

## flutter doctor

```
[✓] Flutter (Channel dev, v0.1.7, on Mac OS X 10.13.3 17D102, locale fr-FR)
    • Flutter version 0.1.7 at /Users/yann/Developpement/SDKs/flutter
    • Framework revision 3b84503403 (7 days ago), 2018-02-26 20:11:11 -0800
    • Engine revision ead227f118
    • Dart version 2.0.0-dev.28.0.flutter-0b4f01f759

[✓] Android toolchain - develop for Android devices (Android SDK 27.0.2)
    • Android SDK at /Users/yann/Library/Android/sdk
    • Android NDK at /Users/yann/Library/Android/sdk/ndk-bundle
    • Platform android-27, build-tools 27.0.2
    • ANDROID_HOME = /Users/yann/Library/Android/sdk
    • Java binary at: /Applications/Android Studio.app/Contents/jre/jdk/Contents/Home/bin/java
    • Java version OpenJDK Runtime Environment (build 1.8.0_152-release-915-b08)

[✓] iOS toolchain - develop for iOS devices (Xcode 9.2)
    • Xcode at /Applications/Xcode.app/Contents/Developer
    • Xcode 9.2, Build version 9C40b
    • ios-deploy 1.9.2
    • CocoaPods version 1.4.0

[✓] Android Studio (version 3.0)
    • Android Studio at /Applications/Android Studio.app/Contents
    • Java version OpenJDK Runtime Environment (build 1.8.0_152-release-915-b08)

[✓] IntelliJ IDEA Community Edition (version 2017.3.4)
    • Flutter plugin version 22.1.2
    • Dart plugin version 173.4548.30

[✓] VS Code (version 1.20.1)
    • VS Code at /Applications/Visual Studio Code.app/Contents
    • Dart Code extension version 2.9.2

[✓] Connected devices (1 available)
    • Android SDK built for x86 • emulator-5554 • android-x86 • Android 7.1.1 (API 25) (emulator)

• No issues found!
```
